<?xml version="1.0" encoding="UTF-8"?>
<!-- Generated by org.testng.reporters.JUnitReportReporter -->
<testsuite hostname="tol" name="test.java.testStatus.GettingTaskTest" tests="4" failures="0" timestamp="16 Apr 2019 17:11:20 GMT" time="0.337" errors="0">
  <testcase name="getItemsTest" time="0.085" classname="test.java.testStatus.GettingTaskTest"/>
  <testcase name="getEmptyListItemsTest" time="0.077" classname="test.java.testStatus.GettingTaskTest"/>
  <testcase name="getItemByIdTest" time="0.093" classname="test.java.testStatus.GettingTaskTest"/>
  <testcase name="getItemByInvalidIdTest" time="0.082" classname="test.java.testStatus.GettingTaskTest"/>
</testsuite> <!-- test.java.testStatus.GettingTaskTest -->
