<?xml version="1.0" encoding="UTF-8"?>
<!-- Generated by org.testng.reporters.JUnitReportReporter -->
<testsuite hostname="tol" name="test.java.testStatus.CreatingTaskTest" tests="4" failures="0" timestamp="16 Apr 2019 17:11:20 GMT" time="0.262" errors="0">
  <testcase name="createWithEmptyBodyTest" time="0.041" classname="test.java.testStatus.CreatingTaskTest"/>
  <testcase name="createItemTest" time="0.149" classname="test.java.testStatus.CreatingTaskTest"/>
  <testcase name="createInvalidItemTest" time="0.039" classname="test.java.testStatus.CreatingTaskTest"/>
  <testcase name="createInvalidStateTest" time="0.033" classname="test.java.testStatus.CreatingTaskTest"/>
</testsuite> <!-- test.java.testStatus.CreatingTaskTest -->
