<?xml version="1.0" encoding="UTF-8"?>
<!-- Generated by org.testng.reporters.JUnitReportReporter -->
<testsuite hostname="tol" name="test.java.testStatus.UpdateTaskTest" tests="3" failures="0" timestamp="16 Apr 2019 19:50:12 GMT" time="0.510" errors="0">
  <testcase name="updateItemTest" time="0.230" classname="test.java.testStatus.UpdateTaskTest"/>
  <testcase name="updateInvalidDataTest" time="0.127" classname="test.java.testStatus.UpdateTaskTest"/>
  <testcase name="updateInvalideIdItemTest" time="0.153" classname="test.java.testStatus.UpdateTaskTest"/>
</testsuite> <!-- test.java.testStatus.UpdateTaskTest -->
