<?xml version="1.0" encoding="UTF-8"?>
<!-- Generated by org.testng.reporters.JUnitReportReporter -->
<testsuite hostname="tol" name="test.java.testStatus.GettingTaskTest" tests="4" failures="0" timestamp="16 Apr 2019 19:50:12 GMT" time="0.473" errors="0">
  <testcase name="getItemByInvalidIdTest" time="0.103" classname="test.java.testStatus.GettingTaskTest"/>
  <testcase name="getItemByIdTest" time="0.132" classname="test.java.testStatus.GettingTaskTest"/>
  <testcase name="getItemsTest" time="0.098" classname="test.java.testStatus.GettingTaskTest"/>
  <testcase name="getEmptyListItemsTest" time="0.140" classname="test.java.testStatus.GettingTaskTest"/>
</testsuite> <!-- test.java.testStatus.GettingTaskTest -->
