<?xml version="1.0" encoding="UTF-8"?>
<!-- Generated by org.testng.reporters.JUnitReportReporter -->
<testsuite hostname="tol" name="test.java.testStatus.UpdateTaskTest" tests="3" failures="0" timestamp="16 Apr 2019 17:11:20 GMT" time="0.608" errors="0">
  <testcase name="updateInvalidDataTest" time="0.106" classname="test.java.testStatus.UpdateTaskTest"/>
  <testcase name="updateItemTest" time="0.252" classname="test.java.testStatus.UpdateTaskTest"/>
  <testcase name="updateInvalideIdItemTest" time="0.250" classname="test.java.testStatus.UpdateTaskTest"/>
</testsuite> <!-- test.java.testStatus.UpdateTaskTest -->
