<?xml version="1.0" encoding="UTF-8"?>
<!-- Generated by org.testng.reporters.JUnitReportReporter -->
<testsuite hostname="tol" name="test.java.testStatus.DeleteItemTest" tests="2" failures="0" timestamp="16 Apr 2019 19:50:12 GMT" time="1.085" errors="0">
  <testcase name="deleteItemTest" time="0.145" classname="test.java.testStatus.DeleteItemTest"/>
  <testcase name="deleteInvalideItemTest" time="0.940" classname="test.java.testStatus.DeleteItemTest"/>
</testsuite> <!-- test.java.testStatus.DeleteItemTest -->
