<?xml version="1.0" encoding="UTF-8"?>
<!-- Generated by org.testng.reporters.JUnitReportReporter -->
<testsuite hostname="tol" name="test.java.testStatus.DeleteItemTest" tests="2" failures="0" timestamp="16 Apr 2019 17:11:20 GMT" time="0.595" errors="0">
  <testcase name="deleteInvalideItemTest" time="0.462" classname="test.java.testStatus.DeleteItemTest"/>
  <testcase name="deleteItemTest" time="0.133" classname="test.java.testStatus.DeleteItemTest"/>
</testsuite> <!-- test.java.testStatus.DeleteItemTest -->
