<?xml version="1.0" encoding="UTF-8"?>
<!-- Generated by org.testng.reporters.JUnitReportReporter -->
<testsuite hostname="tol" name="test.java.testStatus.CreatingTaskTest" tests="4" failures="0" timestamp="16 Apr 2019 19:50:12 GMT" time="0.247" errors="0">
  <testcase name="createInvalidItemTest" time="0.028" classname="test.java.testStatus.CreatingTaskTest"/>
  <testcase name="createWithEmptyBodyTest" time="0.045" classname="test.java.testStatus.CreatingTaskTest"/>
  <testcase name="createItemTest" time="0.139" classname="test.java.testStatus.CreatingTaskTest"/>
  <testcase name="createInvalidStateTest" time="0.035" classname="test.java.testStatus.CreatingTaskTest"/>
</testsuite> <!-- test.java.testStatus.CreatingTaskTest -->
